# JRE version: Java(TM) SE Runtime Environment (20.0.1+9) (build 20.0.1+9-29)
# Java VM: Java HotSpot(TM) 64-Bit Server VM (20.0.1+9-29, mixed mode, sharing, tiered, compressed oops, compressed class ptrs, g1 gc, windows-amd64)
GC Precious Log:
 CardTable entry size: 512
 Card Set container configuration: InlinePtr #cards 5 size 8 Array Of Cards #cards 12 size 40 Howl #buckets 4 coarsen threshold 1843 Howl Bitmap #cards 512 size 80 coarsen threshold 460 Card regions per heap region 1 cards per card region 2048
 CPUs: 4 total, 4 available
 Memory: 7926M
 Large Page Support: Disabled
 NUMA Support: Disabled
 Compressed Oops: Enabled (32-bit)
 Heap Region Size: 1M
 Heap Min Capacity: 8M
 Heap Initial Capacity: 124M
 Heap Max Capacity: 1982M
 Pre-touch: Disabled
 Parallel Workers: 4
 Concurrent Workers: 1
 Concurrent Refinement Workers: 4
 Periodic GC: Disabled
Heap:
 garbage-first heap   total 49152K, used 28688K [0x0000000084200000, 0x0000000100000000)
  region size 1024K, 9 young (9216K), 2 survivors (2048K)
 Metaspace       used 56478K, committed 57088K, reserved 1114112K
  class space    used 7295K, committed 7552K, reserved 1048576K
GC Heap History (20 events):
Event: 9.407 GC heap before
{Heap before GC invocations=12 (full 0):
 garbage-first heap   total 40960K, used 25323K [0x0000000084200000, 0x0000000100000000)
  region size 1024K, 10 young (10240K), 2 survivors (2048K)
 Metaspace       used 35457K, committed 35968K, reserved 1114112K
  class space    used 4245K, committed 4480K, reserved 1048576K
}
Event: 9.410 GC heap after
{Heap after GC invocations=13 (full 0):
 garbage-first heap   total 40960K, used 18980K [0x0000000084200000, 0x0000000100000000)
  region size 1024K, 3 young (3072K), 3 survivors (3072K)
 Metaspace       used 35457K, committed 35968K, reserved 1114112K
  class space    used 4245K, committed 4480K, reserved 1048576K
}
Event: 10.203 GC heap before
{Heap before GC invocations=14 (full 0):
 garbage-first heap   total 40960K, used 34340K [0x0000000084200000, 0x0000000100000000)
  region size 1024K, 18 young (18432K), 3 survivors (3072K)
 Metaspace       used 37788K, committed 38400K, reserved 1114112K
  class space    used 4509K, committed 4800K, reserved 1048576K
}
Event: 10.206 GC heap after
{Heap after GC invocations=15 (full 0):
 garbage-first heap   total 49152K, used 19474K [0x0000000084200000, 0x0000000100000000)
  region size 1024K, 3 young (3072K), 3 survivors (3072K)
 Metaspace       used 37788K, committed 38400K, reserved 1114112K
  class space    used 4509K, committed 4800K, reserved 1048576K
}
Event: 10.715 GC heap before
{Heap before GC invocations=15 (full 0):
 garbage-first heap   total 49152K, used 42002K [0x0000000084200000, 0x0000000100000000)
  region size 1024K, 25 young (25600K), 3 survivors (3072K)
 Metaspace       used 39765K, committed 40384K, reserved 1114112K
  class space    used 4764K, committed 5056K, reserved 1048576K
}
Event: 10.719 GC heap after
{Heap after GC invocations=16 (full 0):
 garbage-first heap   total 49152K, used 20011K [0x0000000084200000, 0x0000000100000000)
  region size 1024K, 3 young (3072K), 3 survivors (3072K)
 Metaspace       used 39765K, committed 40384K, reserved 1114112K
  class space    used 4764K, committed 5056K, reserved 1048576K
}
Event: 11.280 GC heap before
{Heap before GC invocations=16 (full 0):
 garbage-first heap   total 49152K, used 42539K [0x0000000084200000, 0x0000000100000000)
  region size 1024K, 25 young (25600K), 3 survivors (3072K)
 Metaspace       used 41940K, committed 42560K, reserved 1114112K
  class space    used 5106K, committed 5376K, reserved 1048576K
}
Event: 11.285 GC heap after
{Heap after GC invocations=17 (full 0):
 garbage-first heap   total 49152K, used 20477K [0x0000000084200000, 0x0000000100000000)
  region size 1024K, 3 young (3072K), 3 survivors (3072K)
 Metaspace       used 41940K, committed 42560K, reserved 1114112K
  class space    used 5106K, committed 5376K, reserved 1048576K
}
Event: 11.724 GC heap before
{Heap before GC invocations=17 (full 0):
 garbage-first heap   total 49152K, used 41981K [0x0000000084200000, 0x0000000100000000)
  region size 1024K, 24 young (24576K), 3 survivors (3072K)
 Metaspace       used 44129K, committed 44672K, reserved 1114112K
  class space    used 5432K, committed 5696K, reserved 1048576K
}
Event: 11.727 GC heap after
{Heap after GC invocations=18 (full 0):
 garbage-first heap   total 49152K, used 20762K [0x0000000084200000, 0x0000000100000000)
  region size 1024K, 2 young (2048K), 2 survivors (2048K)
 Metaspace       used 44129K, committed 44672K, reserved 1114112K
  class space    used 5432K, committed 5696K, reserved 1048576K
}
Event: 12.135 GC heap before
{Heap before GC invocations=18 (full 0):
 garbage-first heap   total 49152K, used 42266K [0x0000000084200000, 0x0000000100000000)
  region size 1024K, 24 young (24576K), 2 survivors (2048K)
 Metaspace       used 46304K, committed 46912K, reserved 1114112K
  class space    used 5743K, committed 6016K, reserved 1048576K
}
Event: 12.138 GC heap after
{Heap after GC invocations=19 (full 0):
 garbage-first heap   total 49152K, used 21246K [0x0000000084200000, 0x0000000100000000)
  region size 1024K, 3 young (3072K), 3 survivors (3072K)
 Metaspace       used 46304K, committed 46912K, reserved 1114112K
  class space    used 5743K, committed 6016K, reserved 1048576K
}
Event: 12.403 GC heap before
{Heap before GC invocations=19 (full 0):
 garbage-first heap   total 49152K, used 41726K [0x0000000084200000, 0x0000000100000000)
  region size 1024K, 23 young (23552K), 3 survivors (3072K)
 Metaspace       used 48477K, committed 49024K, reserved 1114112K
  class space    used 6004K, committed 6272K, reserved 1048576K
}
Event: 12.407 GC heap after
{Heap after GC invocations=20 (full 0):
 garbage-first heap   total 49152K, used 21481K [0x0000000084200000, 0x0000000100000000)
  region size 1024K, 2 young (2048K), 2 survivors (2048K)
 Metaspace       used 48477K, committed 49024K, reserved 1114112K
  class space    used 6004K, committed 6272K, reserved 1048576K
}
Event: 12.733 GC heap before
{Heap before GC invocations=20 (full 0):
 garbage-first heap   total 49152K, used 41961K [0x0000000084200000, 0x0000000100000000)
  region size 1024K, 23 young (23552K), 2 survivors (2048K)
 Metaspace       used 51628K, committed 52224K, reserved 1114112K
  class space    used 6485K, committed 6720K, reserved 1048576K
}
Event: 12.736 GC heap after
{Heap after GC invocations=21 (full 0):
 garbage-first heap   total 49152K, used 22014K [0x0000000084200000, 0x0000000100000000)
  region size 1024K, 2 young (2048K), 2 survivors (2048K)
 Metaspace       used 51628K, committed 52224K, reserved 1114112K
  class space    used 6485K, committed 6720K, reserved 1048576K
}
Event: 13.111 GC heap before
{Heap before GC invocations=21 (full 0):
 garbage-first heap   total 49152K, used 43518K [0x0000000084200000, 0x0000000100000000)
  region size 1024K, 23 young (23552K), 2 survivors (2048K)
 Metaspace       used 53577K, committed 54144K, reserved 1114112K
  class space    used 6874K, committed 7104K, reserved 1048576K
}
Event: 13.116 GC heap after
{Heap after GC invocations=22 (full 0):
 garbage-first heap   total 49152K, used 22237K [0x0000000084200000, 0x0000000100000000)
  region size 1024K, 2 young (2048K), 2 survivors (2048K)
 Metaspace       used 53577K, committed 54144K, reserved 1114112K
  class space    used 6874K, committed 7104K, reserved 1048576K
}
Event: 13.355 GC heap before
{Heap before GC invocations=22 (full 0):
 garbage-first heap   total 49152K, used 42717K [0x0000000084200000, 0x0000000100000000)
  region size 1024K, 23 young (23552K), 2 survivors (2048K)
 Metaspace       used 55880K, committed 56512K, reserved 1114112K
  class space    used 7207K, committed 7488K, reserved 1048576K
}
Event: 13.359 GC heap after
{Heap after GC invocations=23 (full 0):
 garbage-first heap   total 49152K, used 22544K [0x0000000084200000, 0x0000000100000000)
  region size 1024K, 2 young (2048K), 2 survivors (2048K)
 Metaspace       used 55880K, committed 56512K, reserved 1114112K
  class space    used 7207K, committed 7488K, reserved 1048576K
}

