# JRE version: Java(TM) SE Runtime Environment (20.0.1+9) (build 20.0.1+9-29)
# Java VM: Java HotSpot(TM) 64-Bit Server VM (20.0.1+9-29, mixed mode, sharing, tiered, compressed oops, compressed class ptrs, g1 gc, windows-amd64)
GC Precious Log:
 CardTable entry size: 512
 Card Set container configuration: InlinePtr #cards 5 size 8 Array Of Cards #cards 12 size 40 Howl #buckets 4 coarsen threshold 1843 Howl Bitmap #cards 512 size 80 coarsen threshold 460 Card regions per heap region 1 cards per card region 2048
 CPUs: 4 total, 4 available
 Memory: 7926M
 Large Page Support: Disabled
 NUMA Support: Disabled
 Compressed Oops: Enabled (32-bit)
 Heap Region Size: 1M
 Heap Min Capacity: 8M
 Heap Initial Capacity: 124M
 Heap Max Capacity: 1982M
 Pre-touch: Disabled
 Parallel Workers: 4
 Concurrent Workers: 1
 Concurrent Refinement Workers: 4
 Periodic GC: Disabled
Heap:
 garbage-first heap   total 45056K, used 35626K [0x0000000084200000, 0x0000000100000000)
  region size 1024K, 16 young (16384K), 2 survivors (2048K)
 Metaspace       used 56093K, committed 56640K, reserved 1114112K
  class space    used 7294K, committed 7552K, reserved 1048576K
GC Heap History (20 events):
Event: 24.288 GC heap before
{Heap before GC invocations=13 (full 0):
 garbage-first heap   total 45056K, used 38316K [0x0000000084200000, 0x0000000100000000)
  region size 1024K, 22 young (22528K), 2 survivors (2048K)
 Metaspace       used 38187K, committed 38720K, reserved 1114112K
  class space    used 4559K, committed 4800K, reserved 1048576K
}
Event: 24.291 GC heap after
{Heap after GC invocations=14 (full 0):
 garbage-first heap   total 45056K, used 19531K [0x0000000084200000, 0x0000000100000000)
  region size 1024K, 2 young (2048K), 2 survivors (2048K)
 Metaspace       used 38187K, committed 38720K, reserved 1114112K
  class space    used 4559K, committed 4800K, reserved 1048576K
}
Event: 24.908 GC heap before
{Heap before GC invocations=14 (full 0):
 garbage-first heap   total 45056K, used 38987K [0x0000000084200000, 0x0000000100000000)
  region size 1024K, 21 young (21504K), 2 survivors (2048K)
 Metaspace       used 39986K, committed 40576K, reserved 1114112K
  class space    used 4805K, committed 5056K, reserved 1048576K
}
Event: 24.911 GC heap after
{Heap after GC invocations=15 (full 0):
 garbage-first heap   total 45056K, used 19737K [0x0000000084200000, 0x0000000100000000)
  region size 1024K, 2 young (2048K), 2 survivors (2048K)
 Metaspace       used 39986K, committed 40576K, reserved 1114112K
  class space    used 4805K, committed 5056K, reserved 1048576K
}
Event: 25.468 GC heap before
{Heap before GC invocations=15 (full 0):
 garbage-first heap   total 45056K, used 38169K [0x0000000084200000, 0x0000000100000000)
  region size 1024K, 20 young (20480K), 2 survivors (2048K)
 Metaspace       used 41770K, committed 42304K, reserved 1114112K
  class space    used 5080K, committed 5312K, reserved 1048576K
}
Event: 25.471 GC heap after
{Heap after GC invocations=16 (full 0):
 garbage-first heap   total 45056K, used 20269K [0x0000000084200000, 0x0000000100000000)
  region size 1024K, 2 young (2048K), 2 survivors (2048K)
 Metaspace       used 41770K, committed 42304K, reserved 1114112K
  class space    used 5080K, committed 5312K, reserved 1048576K
}
Event: 25.783 GC heap before
{Heap before GC invocations=16 (full 0):
 garbage-first heap   total 45056K, used 38701K [0x0000000084200000, 0x0000000100000000)
  region size 1024K, 20 young (20480K), 2 survivors (2048K)
 Metaspace       used 43487K, committed 44032K, reserved 1114112K
  class space    used 5342K, committed 5568K, reserved 1048576K
}
Event: 25.785 GC heap after
{Heap after GC invocations=17 (full 0):
 garbage-first heap   total 45056K, used 20564K [0x0000000084200000, 0x0000000100000000)
  region size 1024K, 2 young (2048K), 2 survivors (2048K)
 Metaspace       used 43487K, committed 44032K, reserved 1114112K
  class space    used 5342K, committed 5568K, reserved 1048576K
}
Event: 26.713 GC heap before
{Heap before GC invocations=17 (full 0):
 garbage-first heap   total 45056K, used 38996K [0x0000000084200000, 0x0000000100000000)
  region size 1024K, 20 young (20480K), 2 survivors (2048K)
 Metaspace       used 45313K, committed 45888K, reserved 1114112K
  class space    used 5612K, committed 5888K, reserved 1048576K
}
Event: 26.717 GC heap after
{Heap after GC invocations=18 (full 0):
 garbage-first heap   total 45056K, used 21275K [0x0000000084200000, 0x0000000100000000)
  region size 1024K, 3 young (3072K), 3 survivors (3072K)
 Metaspace       used 45313K, committed 45888K, reserved 1114112K
  class space    used 5612K, committed 5888K, reserved 1048576K
}
Event: 27.359 GC heap before
{Heap before GC invocations=18 (full 0):
 garbage-first heap   total 45056K, used 36635K [0x0000000084200000, 0x0000000100000000)
  region size 1024K, 19 young (19456K), 3 survivors (3072K)
 Metaspace       used 47160K, committed 47680K, reserved 1114112K
  class space    used 5816K, committed 6080K, reserved 1048576K
}
Event: 27.364 GC heap after
{Heap after GC invocations=19 (full 0):
 garbage-first heap   total 45056K, used 21029K [0x0000000084200000, 0x0000000100000000)
  region size 1024K, 2 young (2048K), 2 survivors (2048K)
 Metaspace       used 47160K, committed 47680K, reserved 1114112K
  class space    used 5816K, committed 6080K, reserved 1048576K
}
Event: 28.449 GC heap before
{Heap before GC invocations=19 (full 0):
 garbage-first heap   total 45056K, used 37413K [0x0000000084200000, 0x0000000100000000)
  region size 1024K, 19 young (19456K), 2 survivors (2048K)
 Metaspace       used 48699K, committed 49216K, reserved 1114112K
  class space    used 6047K, committed 6272K, reserved 1048576K
}
Event: 28.452 GC heap after
{Heap after GC invocations=20 (full 0):
 garbage-first heap   total 45056K, used 22873K [0x0000000084200000, 0x0000000100000000)
  region size 1024K, 3 young (3072K), 3 survivors (3072K)
 Metaspace       used 48699K, committed 49216K, reserved 1114112K
  class space    used 6047K, committed 6272K, reserved 1048576K
}
Event: 29.354 GC heap before
{Heap before GC invocations=21 (full 0):
 garbage-first heap   total 45056K, used 37209K [0x0000000084200000, 0x0000000100000000)
  region size 1024K, 18 young (18432K), 3 survivors (3072K)
 Metaspace       used 51285K, committed 51840K, reserved 1114112K
  class space    used 6455K, committed 6720K, reserved 1048576K
}
Event: 29.358 GC heap after
{Heap after GC invocations=22 (full 0):
 garbage-first heap   total 45056K, used 21903K [0x0000000084200000, 0x0000000100000000)
  region size 1024K, 1 young (1024K), 1 survivors (1024K)
 Metaspace       used 51285K, committed 51840K, reserved 1114112K
  class space    used 6455K, committed 6720K, reserved 1048576K
}
Event: 30.435 GC heap before
{Heap before GC invocations=22 (full 0):
 garbage-first heap   total 45056K, used 40335K [0x0000000084200000, 0x0000000100000000)
  region size 1024K, 19 young (19456K), 1 survivors (1024K)
 Metaspace       used 52930K, committed 53504K, reserved 1114112K
  class space    used 6785K, committed 7040K, reserved 1048576K
}
Event: 30.439 GC heap after
{Heap after GC invocations=23 (full 0):
 garbage-first heap   total 45056K, used 22098K [0x0000000084200000, 0x0000000100000000)
  region size 1024K, 1 young (1024K), 1 survivors (1024K)
 Metaspace       used 52930K, committed 53504K, reserved 1114112K
  class space    used 6785K, committed 7040K, reserved 1048576K
}
Event: 31.184 GC heap before
{Heap before GC invocations=23 (full 0):
 garbage-first heap   total 45056K, used 39506K [0x0000000084200000, 0x0000000100000000)
  region size 1024K, 19 young (19456K), 1 survivors (1024K)
 Metaspace       used 54808K, committed 55360K, reserved 1114112K
  class space    used 7071K, committed 7296K, reserved 1048576K
}
Event: 31.186 GC heap after
{Heap after GC invocations=24 (full 0):
 garbage-first heap   total 45056K, used 22314K [0x0000000084200000, 0x0000000100000000)
  region size 1024K, 2 young (2048K), 2 survivors (2048K)
 Metaspace       used 54808K, committed 55360K, reserved 1114112K
  class space    used 7071K, committed 7296K, reserved 1048576K
}

