# JRE version: Java(TM) SE Runtime Environment (20.0.1+9) (build 20.0.1+9-29)
# Java VM: Java HotSpot(TM) 64-Bit Server VM (20.0.1+9-29, mixed mode, sharing, tiered, compressed oops, compressed class ptrs, g1 gc, windows-amd64)
GC Precious Log:
 CardTable entry size: 512
 Card Set container configuration: InlinePtr #cards 5 size 8 Array Of Cards #cards 12 size 40 Howl #buckets 4 coarsen threshold 1843 Howl Bitmap #cards 512 size 80 coarsen threshold 460 Card regions per heap region 1 cards per card region 2048
 CPUs: 4 total, 4 available
 Memory: 7926M
 Large Page Support: Disabled
 NUMA Support: Disabled
 Compressed Oops: Enabled (32-bit)
 Heap Region Size: 1M
 Heap Min Capacity: 8M
 Heap Initial Capacity: 124M
 Heap Max Capacity: 1982M
 Pre-touch: Disabled
 Parallel Workers: 4
 Concurrent Workers: 1
 Concurrent Refinement Workers: 4
 Periodic GC: Disabled
Heap:
 garbage-first heap   total 45056K, used 32823K [0x0000000084200000, 0x0000000100000000)
  region size 1024K, 13 young (13312K), 2 survivors (2048K)
 Metaspace       used 56171K, committed 56768K, reserved 1114112K
  class space    used 7294K, committed 7552K, reserved 1048576K
GC Heap History (20 events):
Event: 24.627 GC heap before
{Heap before GC invocations=13 (full 0):
 garbage-first heap   total 45056K, used 39544K [0x0000000084200000, 0x0000000100000000)
  region size 1024K, 22 young (22528K), 2 survivors (2048K)
 Metaspace       used 38209K, committed 38784K, reserved 1114112K
  class space    used 4575K, committed 4864K, reserved 1048576K
}
Event: 24.631 GC heap after
{Heap after GC invocations=14 (full 0):
 garbage-first heap   total 45056K, used 19410K [0x0000000084200000, 0x0000000100000000)
  region size 1024K, 2 young (2048K), 2 survivors (2048K)
 Metaspace       used 38209K, committed 38784K, reserved 1114112K
  class space    used 4575K, committed 4864K, reserved 1048576K
}
Event: 25.255 GC heap before
{Heap before GC invocations=14 (full 0):
 garbage-first heap   total 45056K, used 38866K [0x0000000084200000, 0x0000000100000000)
  region size 1024K, 21 young (21504K), 2 survivors (2048K)
 Metaspace       used 40094K, committed 40640K, reserved 1114112K
  class space    used 4853K, committed 5120K, reserved 1048576K
}
Event: 25.258 GC heap after
{Heap after GC invocations=15 (full 0):
 garbage-first heap   total 45056K, used 19419K [0x0000000084200000, 0x0000000100000000)
  region size 1024K, 2 young (2048K), 2 survivors (2048K)
 Metaspace       used 40094K, committed 40640K, reserved 1114112K
  class space    used 4853K, committed 5120K, reserved 1048576K
}
Event: 26.053 GC heap before
{Heap before GC invocations=15 (full 0):
 garbage-first heap   total 45056K, used 37851K [0x0000000084200000, 0x0000000100000000)
  region size 1024K, 21 young (21504K), 2 survivors (2048K)
 Metaspace       used 41949K, committed 42432K, reserved 1114112K
  class space    used 5149K, committed 5376K, reserved 1048576K
}
Event: 26.055 GC heap after
{Heap after GC invocations=16 (full 0):
 garbage-first heap   total 45056K, used 19942K [0x0000000084200000, 0x0000000100000000)
  region size 1024K, 2 young (2048K), 2 survivors (2048K)
 Metaspace       used 41949K, committed 42432K, reserved 1114112K
  class space    used 5149K, committed 5376K, reserved 1048576K
}
Event: 26.714 GC heap before
{Heap before GC invocations=16 (full 0):
 garbage-first heap   total 45056K, used 38374K [0x0000000084200000, 0x0000000100000000)
  region size 1024K, 20 young (20480K), 2 survivors (2048K)
 Metaspace       used 43831K, committed 44416K, reserved 1114112K
  class space    used 5413K, committed 5696K, reserved 1048576K
}
Event: 26.717 GC heap after
{Heap after GC invocations=17 (full 0):
 garbage-first heap   total 45056K, used 20103K [0x0000000084200000, 0x0000000100000000)
  region size 1024K, 2 young (2048K), 2 survivors (2048K)
 Metaspace       used 43831K, committed 44416K, reserved 1114112K
  class space    used 5413K, committed 5696K, reserved 1048576K
}
Event: 26.980 GC heap before
{Heap before GC invocations=17 (full 0):
 garbage-first heap   total 45056K, used 37511K [0x0000000084200000, 0x0000000100000000)
  region size 1024K, 20 young (20480K), 2 survivors (2048K)
 Metaspace       used 45612K, committed 46208K, reserved 1114112K
  class space    used 5672K, committed 5952K, reserved 1048576K
}
Event: 26.983 GC heap after
{Heap after GC invocations=18 (full 0):
 garbage-first heap   total 45056K, used 20619K [0x0000000084200000, 0x0000000100000000)
  region size 1024K, 2 young (2048K), 2 survivors (2048K)
 Metaspace       used 45612K, committed 46208K, reserved 1114112K
  class space    used 5672K, committed 5952K, reserved 1048576K
}
Event: 27.952 GC heap before
{Heap before GC invocations=18 (full 0):
 garbage-first heap   total 45056K, used 39051K [0x0000000084200000, 0x0000000100000000)
  region size 1024K, 20 young (20480K), 2 survivors (2048K)
 Metaspace       used 47572K, committed 48128K, reserved 1114112K
  class space    used 5896K, committed 6144K, reserved 1048576K
}
Event: 27.955 GC heap after
{Heap after GC invocations=19 (full 0):
 garbage-first heap   total 45056K, used 20948K [0x0000000084200000, 0x0000000100000000)
  region size 1024K, 2 young (2048K), 2 survivors (2048K)
 Metaspace       used 47572K, committed 48128K, reserved 1114112K
  class space    used 5896K, committed 6144K, reserved 1048576K
}
Event: 29.041 GC heap before
{Heap before GC invocations=19 (full 0):
 garbage-first heap   total 45056K, used 38356K [0x0000000084200000, 0x0000000100000000)
  region size 1024K, 20 young (20480K), 2 survivors (2048K)
 Metaspace       used 49898K, committed 50432K, reserved 1114112K
  class space    used 6308K, committed 6528K, reserved 1048576K
}
Event: 29.045 GC heap after
{Heap after GC invocations=20 (full 0):
 garbage-first heap   total 45056K, used 21721K [0x0000000084200000, 0x0000000100000000)
  region size 1024K, 3 young (3072K), 3 survivors (3072K)
 Metaspace       used 49898K, committed 50432K, reserved 1114112K
  class space    used 6308K, committed 6528K, reserved 1048576K
}
Event: 30.014 GC heap before
{Heap before GC invocations=20 (full 0):
 garbage-first heap   total 45056K, used 37081K [0x0000000084200000, 0x0000000100000000)
  region size 1024K, 19 young (19456K), 3 survivors (3072K)
 Metaspace       used 51929K, committed 52544K, reserved 1114112K
  class space    used 6541K, committed 6784K, reserved 1048576K
}
Event: 30.019 GC heap after
{Heap after GC invocations=21 (full 0):
 garbage-first heap   total 45056K, used 22131K [0x0000000084200000, 0x0000000100000000)
  region size 1024K, 2 young (2048K), 2 survivors (2048K)
 Metaspace       used 51929K, committed 52544K, reserved 1114112K
  class space    used 6541K, committed 6784K, reserved 1048576K
}
Event: 30.899 GC heap before
{Heap before GC invocations=21 (full 0):
 garbage-first heap   total 45056K, used 38515K [0x0000000084200000, 0x0000000100000000)
  region size 1024K, 19 young (19456K), 2 survivors (2048K)
 Metaspace       used 53533K, committed 54080K, reserved 1114112K
  class space    used 6864K, committed 7104K, reserved 1048576K
}
Event: 30.903 GC heap after
{Heap after GC invocations=22 (full 0):
 garbage-first heap   total 45056K, used 22331K [0x0000000084200000, 0x0000000100000000)
  region size 1024K, 2 young (2048K), 2 survivors (2048K)
 Metaspace       used 53533K, committed 54080K, reserved 1114112K
  class space    used 6864K, committed 7104K, reserved 1048576K
}
Event: 31.369 GC heap before
{Heap before GC invocations=23 (full 0):
 garbage-first heap   total 45056K, used 38715K [0x0000000084200000, 0x0000000100000000)
  region size 1024K, 19 young (19456K), 2 survivors (2048K)
 Metaspace       used 55052K, committed 55616K, reserved 1114112K
  class space    used 7123K, committed 7360K, reserved 1048576K
}
Event: 31.371 GC heap after
{Heap after GC invocations=24 (full 0):
 garbage-first heap   total 45056K, used 22583K [0x0000000084200000, 0x0000000100000000)
  region size 1024K, 2 young (2048K), 2 survivors (2048K)
 Metaspace       used 55052K, committed 55616K, reserved 1114112K
  class space    used 7123K, committed 7360K, reserved 1048576K
}

