# JRE version: Java(TM) SE Runtime Environment (20.0.1+9) (build 20.0.1+9-29)
# Java VM: Java HotSpot(TM) 64-Bit Server VM (20.0.1+9-29, mixed mode, sharing, tiered, compressed oops, compressed class ptrs, g1 gc, windows-amd64)
GC Precious Log:
 CardTable entry size: 512
 Card Set container configuration: InlinePtr #cards 5 size 8 Array Of Cards #cards 12 size 40 Howl #buckets 4 coarsen threshold 1843 Howl Bitmap #cards 512 size 80 coarsen threshold 460 Card regions per heap region 1 cards per card region 2048
 CPUs: 4 total, 4 available
 Memory: 7926M
 Large Page Support: Disabled
 NUMA Support: Disabled
 Compressed Oops: Enabled (32-bit)
 Heap Region Size: 1M
 Heap Min Capacity: 8M
 Heap Initial Capacity: 124M
 Heap Max Capacity: 1982M
 Pre-touch: Disabled
 Parallel Workers: 4
 Concurrent Workers: 1
 Concurrent Refinement Workers: 4
 Periodic GC: Disabled
Heap:
 garbage-first heap   total 58368K, used 29863K [0x0000000084200000, 0x0000000100000000)
  region size 1024K, 10 young (10240K), 2 survivors (2048K)
 Metaspace       used 56448K, committed 57088K, reserved 1114112K
  class space    used 7291K, committed 7552K, reserved 1048576K
GC Heap History (20 events):
Event: 29.103 GC heap before
{Heap before GC invocations=11 (full 0):
 garbage-first heap   total 48128K, used 22288K [0x0000000084200000, 0x0000000100000000)
  region size 1024K, 7 young (7168K), 3 survivors (3072K)
 Metaspace       used 35445K, committed 35968K, reserved 1114112K
  class space    used 4238K, committed 4480K, reserved 1048576K
}
Event: 29.109 GC heap after
{Heap after GC invocations=12 (full 0):
 garbage-first heap   total 48128K, used 19246K [0x0000000084200000, 0x0000000100000000)
  region size 1024K, 2 young (2048K), 2 survivors (2048K)
 Metaspace       used 35445K, committed 35968K, reserved 1114112K
  class space    used 4238K, committed 4480K, reserved 1048576K
}
Event: 30.243 GC heap before
{Heap before GC invocations=13 (full 0):
 garbage-first heap   total 48128K, used 39726K [0x0000000084200000, 0x0000000100000000)
  region size 1024K, 23 young (23552K), 2 survivors (2048K)
 Metaspace       used 38262K, committed 38848K, reserved 1114112K
  class space    used 4578K, committed 4864K, reserved 1048576K
}
Event: 30.246 GC heap after
{Heap after GC invocations=14 (full 0):
 garbage-first heap   total 48128K, used 19894K [0x0000000084200000, 0x0000000100000000)
  region size 1024K, 3 young (3072K), 3 survivors (3072K)
 Metaspace       used 38262K, committed 38848K, reserved 1114112K
  class space    used 4578K, committed 4864K, reserved 1048576K
}
Event: 30.862 GC heap before
{Heap before GC invocations=14 (full 0):
 garbage-first heap   total 48128K, used 40374K [0x0000000084200000, 0x0000000100000000)
  region size 1024K, 23 young (23552K), 3 survivors (3072K)
 Metaspace       used 40200K, committed 40768K, reserved 1114112K
  class space    used 4853K, committed 5120K, reserved 1048576K
}
Event: 30.866 GC heap after
{Heap after GC invocations=15 (full 0):
 garbage-first heap   total 48128K, used 19789K [0x0000000084200000, 0x0000000100000000)
  region size 1024K, 2 young (2048K), 2 survivors (2048K)
 Metaspace       used 40200K, committed 40768K, reserved 1114112K
  class space    used 4853K, committed 5120K, reserved 1048576K
}
Event: 31.718 GC heap before
{Heap before GC invocations=15 (full 0):
 garbage-first heap   total 48128K, used 42317K [0x0000000084200000, 0x0000000100000000)
  region size 1024K, 24 young (24576K), 2 survivors (2048K)
 Metaspace       used 42278K, committed 42880K, reserved 1114112K
  class space    used 5172K, committed 5440K, reserved 1048576K
}
Event: 31.721 GC heap after
{Heap after GC invocations=16 (full 0):
 garbage-first heap   total 48128K, used 20448K [0x0000000084200000, 0x0000000100000000)
  region size 1024K, 2 young (2048K), 2 survivors (2048K)
 Metaspace       used 42278K, committed 42880K, reserved 1114112K
  class space    used 5172K, committed 5440K, reserved 1048576K
}
Event: 32.614 GC heap before
{Heap before GC invocations=16 (full 0):
 garbage-first heap   total 48128K, used 42976K [0x0000000084200000, 0x0000000100000000)
  region size 1024K, 24 young (24576K), 2 survivors (2048K)
 Metaspace       used 44512K, committed 45056K, reserved 1114112K
  class space    used 5496K, committed 5760K, reserved 1048576K
}
Event: 32.618 GC heap after
{Heap after GC invocations=17 (full 0):
 garbage-first heap   total 48128K, used 20838K [0x0000000084200000, 0x0000000100000000)
  region size 1024K, 2 young (2048K), 2 survivors (2048K)
 Metaspace       used 44512K, committed 45056K, reserved 1114112K
  class space    used 5496K, committed 5760K, reserved 1048576K
}
Event: 32.910 GC heap before
{Heap before GC invocations=17 (full 0):
 garbage-first heap   total 48128K, used 41318K [0x0000000084200000, 0x0000000100000000)
  region size 1024K, 23 young (23552K), 2 survivors (2048K)
 Metaspace       used 46716K, committed 47296K, reserved 1114112K
  class space    used 5787K, committed 6016K, reserved 1048576K
}
Event: 32.913 GC heap after
{Heap after GC invocations=18 (full 0):
 garbage-first heap   total 48128K, used 21298K [0x0000000084200000, 0x0000000100000000)
  region size 1024K, 3 young (3072K), 3 survivors (3072K)
 Metaspace       used 46716K, committed 47296K, reserved 1114112K
  class space    used 5787K, committed 6016K, reserved 1048576K
}
Event: 33.137 GC heap before
{Heap before GC invocations=18 (full 0):
 garbage-first heap   total 48128K, used 39730K [0x0000000084200000, 0x0000000100000000)
  region size 1024K, 22 young (22528K), 3 survivors (3072K)
 Metaspace       used 48710K, committed 49216K, reserved 1114112K
  class space    used 6043K, committed 6272K, reserved 1048576K
}
Event: 33.140 GC heap after
{Heap after GC invocations=19 (full 0):
 garbage-first heap   total 48128K, used 21808K [0x0000000084200000, 0x0000000100000000)
  region size 1024K, 3 young (3072K), 3 survivors (3072K)
 Metaspace       used 48710K, committed 49216K, reserved 1114112K
  class space    used 6043K, committed 6272K, reserved 1048576K
}
Event: 33.378 GC heap before
{Heap before GC invocations=19 (full 0):
 garbage-first heap   total 48128K, used 39216K [0x0000000084200000, 0x0000000100000000)
  region size 1024K, 21 young (21504K), 3 survivors (3072K)
 Metaspace       used 51606K, committed 52224K, reserved 1114112K
  class space    used 6480K, committed 6720K, reserved 1048576K
}
Event: 33.381 GC heap after
{Heap after GC invocations=20 (full 0):
 garbage-first heap   total 48128K, used 22108K [0x0000000084200000, 0x0000000100000000)
  region size 1024K, 2 young (2048K), 2 survivors (2048K)
 Metaspace       used 51606K, committed 52224K, reserved 1114112K
  class space    used 6480K, committed 6720K, reserved 1048576K
}
Event: 33.638 GC heap before
{Heap before GC invocations=20 (full 0):
 garbage-first heap   total 48128K, used 42588K [0x0000000084200000, 0x0000000100000000)
  region size 1024K, 22 young (22528K), 2 survivors (2048K)
 Metaspace       used 53472K, committed 54080K, reserved 1114112K
  class space    used 6850K, committed 7104K, reserved 1048576K
}
Event: 33.642 GC heap after
{Heap after GC invocations=21 (full 0):
 garbage-first heap   total 48128K, used 22275K [0x0000000084200000, 0x0000000100000000)
  region size 1024K, 2 young (2048K), 2 survivors (2048K)
 Metaspace       used 53472K, committed 54080K, reserved 1114112K
  class space    used 6850K, committed 7104K, reserved 1048576K
}
Event: 33.892 GC heap before
{Heap before GC invocations=21 (full 0):
 garbage-first heap   total 48128K, used 42755K [0x0000000084200000, 0x0000000100000000)
  region size 1024K, 22 young (22528K), 2 survivors (2048K)
 Metaspace       used 55616K, committed 56192K, reserved 1114112K
  class space    used 7175K, committed 7424K, reserved 1048576K
}
Event: 33.895 GC heap after
{Heap after GC invocations=22 (full 0):
 garbage-first heap   total 58368K, used 22695K [0x0000000084200000, 0x0000000100000000)
  region size 1024K, 2 young (2048K), 2 survivors (2048K)
 Metaspace       used 55616K, committed 56192K, reserved 1114112K
  class space    used 7175K, committed 7424K, reserved 1048576K
}

